2020.11.03 10:35:45 INFO  started: Metals version 0.9.4 in workspace '/home/saru_k/Downloads/AFC/TP5bis_ACF' for client vscode.
2020.11.03 10:35:50 INFO  time: initialize in 5.29s
2020.11.03 10:37:10 INFO  no build target: using presentation compiler with only scala-library
2020.11.03 10:37:10 WARN  no build target for: /home/saru_k/Downloads/AFC/TP5bis_ACF/src/main/scala/main/Application.scala
Nov 03, 2020 10:37:10 AM org.eclipse.lsp4j.jsonrpc.RemoteEndpoint handleCancellation
WARNING: Unmatched cancel notification for request id 1
Nov 03, 2020 10:37:10 AM org.eclipse.lsp4j.jsonrpc.RemoteEndpoint handleCancellation
WARNING: Unmatched cancel notification for request id 10
Nov 03, 2020 10:37:14 AM org.eclipse.lsp4j.jsonrpc.RemoteEndpoint handleCancellation
WARNING: Unmatched cancel notification for request id 20
2020.11.03 10:37:18 WARN  no build target for: /home/saru_k/Downloads/AFC/TP5bis_ACF/src/main/scala/main/Application.scala
2020.11.03 10:37:22 WARN  no build target for: /home/saru_k/Downloads/AFC/TP5bis_ACF/src/test/scala/main/TestSimplify.scala
2020.11.03 10:37:35 WARN  no build target for: /home/saru_k/Downloads/AFC/TP5bis_ACF/src/test/scala/main/TestSimplify.scala
2020.11.03 10:37:54 WARN  no build target for: /home/saru_k/Downloads/AFC/TP5bis_ACF/src/main/scala/simplifierProven/Kasim/Simplify.scala
2020.11.03 10:38:10 WARN  no build target for: /home/saru_k/Downloads/AFC/TP5bis_ACF/src/main/scala/simplifierProven/Kasim/Simplify.scala
2020.11.03 10:39:03 WARN  no build target for: /home/saru_k/Downloads/AFC/TP5bis_ACF/src/main/scala/simplifierProven/Kasim/Simplify.scala
2020.11.03 10:39:14 WARN  no build target for: /home/saru_k/Downloads/AFC/TP5bis_ACF/src/main/scala/simplifierProven/Kasim/Simplify.scala
2020.11.03 10:40:19 INFO  shutting down Metals
2020.11.03 10:42:38 INFO  started: Metals version 0.9.4 in workspace '/home/saru_k/Downloads/AFC/TP5bis_ACF' for client vscode.
2020.11.03 10:42:43 INFO  time: initialize in 4.71s
2020.11.03 10:42:45 INFO  tracing is disabled for protocol BSP, to enable tracing of incoming and outgoing JSON messages create an empty file at /home/saru_k/.cache/metals/bsp.trace.json
2020.11.03 10:42:45 INFO  skipping build import with status 'Requested'
2020.11.03 10:42:50 ERROR Timeout waiting for 'build/initialize' response
2020.11.03 10:42:50 ERROR Failed to connect with build server, no functionality will work.
java.util.concurrent.TimeoutException
	at java.util.concurrent.CompletableFuture.timedGet(CompletableFuture.java:1886)
	at java.util.concurrent.CompletableFuture.get(CompletableFuture.java:2021)
	at scala.meta.internal.metals.BuildServerConnection$.initialize(BuildServerConnection.scala:317)
	at scala.meta.internal.metals.BuildServerConnection$.$anonfun$fromSockets$1(BuildServerConnection.scala:252)
	at scala.util.Success.$anonfun$map$1(Try.scala:255)
	at scala.util.Success.map(Try.scala:213)
	at scala.concurrent.Future.$anonfun$map$1(Future.scala:292)
	at scala.concurrent.impl.Promise.liftedTree1$1(Promise.scala:33)
	at scala.concurrent.impl.Promise.$anonfun$transform$1(Promise.scala:33)
	at scala.concurrent.impl.CallbackRunnable.run(Promise.scala:64)
	at java.util.concurrent.ThreadPoolExecutor.runWorker(ThreadPoolExecutor.java:1128)
	at java.util.concurrent.ThreadPoolExecutor$Worker.run(ThreadPoolExecutor.java:628)
	at java.lang.Thread.run(Thread.java:834)

2020.11.03 10:42:51 INFO  no build target: using presentation compiler with only scala-library
2020.11.03 10:42:51 WARN  no build target for: /home/saru_k/Downloads/AFC/TP5bis_ACF/src/main/scala/simplifierProven/Kasim/Simplify.scala
2020.11.03 10:43:23 INFO  compiling tp5bis_acf
